<?xml version="1.0" encoding="UTF-8"?>
<!-- Generated by org.testng.reporters.JUnitReportReporter -->
<testsuite skipped="0" hostname="MPHILIPO" name="com.cucumber.selenium.case_study.regression.tests.LoginExcelTest" tests="3" failures="0" timestamp="2020-07-29T15:16:43 IST" time="49.503" errors="0">
  <testcase name="loginDBTest" time="16.280" classname="com.cucumber.selenium.case_study.regression.tests.LoginExcelTest"/>
  <system-out/>
  <testcase name="loginDBTest" time="17.252" classname="com.cucumber.selenium.case_study.regression.tests.LoginExcelTest"/>
  <system-out/>
  <testcase name="loginDBTest" time="15.971" classname="com.cucumber.selenium.case_study.regression.tests.LoginExcelTest"/>
  <system-out/>
</testsuite> <!-- com.cucumber.selenium.case_study.regression.tests.LoginExcelTest -->
