<?xml version="1.0" encoding="UTF-8"?>
<!-- Generated by org.testng.reporters.JUnitReportReporter -->
<testsuite skipped="0" hostname="MPHILIPO" name="com.cucumber.selenium.case_study.testRunner.TestRunner" tests="1" failures="0" timestamp="2020-07-29T15:16:43 IST" time="97.705" errors="0">
  <testcase name="feature" time="97.705" classname="com.cucumber.selenium.case_study.testRunner.TestRunner"/>
  <system-out/>
</testsuite> <!-- com.cucumber.selenium.case_study.testRunner.TestRunner -->
